[    1522ms] [ERROR] Failed to load resource: the server responded with a status of 401 () @ https://accounts.google.com/RotateCookiesPage?origin=https%3A%2F%2Fconsole.cloud.google.com&hfcr_pid=1&rot=3:0
[    3341ms] [WARNING] The PerformanceObserver does not support buffered flag with the entryTypes argument. @ https://www.gstatic.com/_/mss/boq-cloud-client/_/js/k=boq-cloud-client.CloudConsoleWeb.en_US.VQ4n1L5LHog.es5.O/am=AAAAAMB4OAABAAAAAKA/d=1/excm=core/ed=1/wt=2/ujg=1/rs=AJ563L_Kg1f_D_Jm4S6ePd4wsJN04y99PA/dti=1/m=core:1262
[    4432ms] [ERROR] Failed to load resource: the server responded with a status of 401 () @ https://cloudusersettings-pa.clients6.google.com/v1alpha1/settings/CONSOLE_NAV_PIN_COACHMARK_STATE?key=AIzaSyCI-zsRP85UVOi0DjtiCwWBwQ1djDy741g:0
[    4630ms] [ERROR] Failed to load resource: the server responded with a status of 401 () @ https://cloudusersettings-pa.clients6.google.com/v1alpha1/settings/CONSOLE_VISITED_PAGES?key=AIzaSyCI-zsRP85UVOi0DjtiCwWBwQ1djDy741g:0
[    5989ms] [ERROR] Failed to load resource: the server responded with a status of 401 () @ https://cloudusersettings-pa.clients6.google.com/v1alpha1/settings/CONSOLE_NAV_UNLOCKED?key=AIzaSyCI-zsRP85UVOi0DjtiCwWBwQ1djDy741g:0
[    6049ms] [ERROR] Failed to load resource: the server responded with a status of 401 () @ https://cloudusersettings-pa.clients6.google.com/v1alpha1/settings/GETTING_STARTED_SIDENAV?key=AIzaSyCI-zsRP85UVOi0DjtiCwWBwQ1djDy741g:0
[    6052ms] [ERROR] Failed to load resource: the server responded with a status of 401 () @ https://cloudusersettings-pa.clients6.google.com/v1alpha1/settings/CONSOLE_PINS/keys/CLOUD?key=AIzaSyCI-zsRP85UVOi0DjtiCwWBwQ1djDy741g:0
[    6143ms] [ERROR] Failed to load resource: the server responded with a status of 401 () @ https://cloudusersettings-pa.clients6.google.com/v1alpha1/settings/GETTING_STARTED_SIDENAV?key=AIzaSyCI-zsRP85UVOi0DjtiCwWBwQ1djDy741g:0
[    6337ms] [ERROR] Failed to load resource: the server responded with a status of 401 () @ https://cloudusersettings-pa.clients6.google.com/v1alpha1/settings/GROWTH_TARGETED_FEATURE_HISTORY/keys/console_nav_improvements_callout?key=AIzaSyCI-zsRP85UVOi0DjtiCwWBwQ1djDy741g:0
[    6364ms] [ERROR] Failed to load resource: the server responded with a status of 401 () @ https://cloudusersettings-pa.clients6.google.com/v1alpha1/settings/GROWTH_TARGETED_FEATURE_HISTORY/keys/console_nav_improvements_callout?key=AIzaSyCI-zsRP85UVOi0DjtiCwWBwQ1djDy741g:0
[    9182ms] [ERROR] Failed to load resource: the server responded with a status of 401 () @ https://cloudusersettings-pa.clients6.google.com/v1alpha1/settings/GETTING_STARTED_SIDENAV?key=AIzaSyCI-zsRP85UVOi0DjtiCwWBwQ1djDy741g:0
[    9344ms] [ERROR] Failed to load resource: the server responded with a status of 401 () @ https://cloudusersettings-pa.clients6.google.com/v1alpha1/settings/GROWTH_TARGETED_FEATURE_HISTORY/keys/survey_apis_site?key=AIzaSyCI-zsRP85UVOi0DjtiCwWBwQ1djDy741g:0
[   10304ms] [ERROR] Failed to load resource: the server responded with a status of 401 () @ https://cloudusersettings-pa.clients6.google.com/v1alpha1/settings/MFA_COHORT_DIALOG_SETTINGS?key=AIzaSyCI-zsRP85UVOi0DjtiCwWBwQ1djDy741g:0
[   10381ms] [ERROR] Failed to load resource: the server responded with a status of 401 () @ https://cloudusersettings-pa.clients6.google.com/v1alpha1/settings/MFA_BANNER_DISMISSAL?key=AIzaSyCI-zsRP85UVOi0DjtiCwWBwQ1djDy741g:0
[   10393ms] [ERROR] Failed to load resource: the server responded with a status of 401 () @ https://cloudusersettings-pa.clients6.google.com/v1alpha1/recent/CONSOLE_RECENTLY_VISITED?key=AIzaSyCI-zsRP85UVOi0DjtiCwWBwQ1djDy741g:0
[   10396ms] [ERROR] Failed to load resource: the server responded with a status of 401 () @ https://cloudusersettings-pa.clients6.google.com/v1alpha1/settings/CONSOLE_VISITED_PAGES?key=AIzaSyCI-zsRP85UVOi0DjtiCwWBwQ1djDy741g:0
[   10404ms] [ERROR] ERROR _.Yi @ https://www.gstatic.com/_/mss/boq-cloud-client/_/js/k=boq-cloud-client.CloudConsoleWeb.en_US.VQ4n1L5LHog.es5.O/am=AAAAAMB4OAABAAAAAKA/d=1/excm=core/ed=1/wt=2/ujg=1/rs=AJ563L_Kg1f_D_Jm4S6ePd4wsJN04y99PA/dti=1/m=core:2164
[   10445ms] [ERROR] ERROR _.Yi @ https://www.gstatic.com/_/mss/boq-cloud-client/_/js/k=boq-cloud-client.CloudConsoleWeb.en_US.VQ4n1L5LHog.es5.O/am=AAAAAMB4OAABAAAAAKA/d=1/excm=core/ed=1/wt=2/ujg=1/rs=AJ563L_Kg1f_D_Jm4S6ePd4wsJN04y99PA/dti=1/m=core:2164
[   10537ms] [ERROR] Failed to load resource: the server responded with a status of 403 () @ https://reauth.cloud.google.com/mfaConformance?authuser=0:0
[   10580ms] [ERROR] Failed to load resource: the server responded with a status of 401 () @ https://cloudusersettings-pa.clients6.google.com/v1alpha1/settings/COE_NU_FIRST_CHARGE_BANNER_DISMISSALS?key=AIzaSyCI-zsRP85UVOi0DjtiCwWBwQ1djDy741g:0
[   10822ms] [ERROR] Failed to load resource: the server responded with a status of 401 () @ https://cloudusersettings-pa.clients6.google.com/v1alpha1/settings/GETTING_STARTED_SIDENAV?key=AIzaSyCI-zsRP85UVOi0DjtiCwWBwQ1djDy741g:0
