[     363ms] [INFO] %cDownload the React DevTools for a better development experience: https://react.dev/link/react-devtools font-weight:bold @ http://localhost:3000/_next/static/chunks/node_modules_next_dist_1ybzpk2._.js:2477
[     406ms] [LOG] [HMR] connected @ http://localhost:3000/_next/static/chunks/node_modules_next_dist_1ybzpk2._.js:2477
[   14525ms] [ERROR] WebSocket connection to 'ws://localhost:3000/_next/webpack-hmr?id=euPPS-5C35HE6J7-ESBVY' failed: Error in connection establishment: net::ERR_CONNECTION_REFUSED @ http://localhost:3000/_next/static/chunks/node_modules_next_dist_client_0r5nbpw._.js:13422
[   15527ms] [ERROR] WebSocket connection to 'ws://localhost:3000/_next/webpack-hmr?id=euPPS-5C35HE6J7-ESBVY' failed: Error in connection establishment: net::ERR_CONNECTION_REFUSED @ http://localhost:3000/_next/static/chunks/node_modules_next_dist_client_0r5nbpw._.js:13422
[   16528ms] [ERROR] WebSocket connection to 'ws://localhost:3000/_next/webpack-hmr?id=euPPS-5C35HE6J7-ESBVY' failed: Error in connection establishment: net::ERR_CONNECTION_REFUSED @ http://localhost:3000/_next/static/chunks/node_modules_next_dist_client_0r5nbpw._.js:13422
[   17531ms] [ERROR] WebSocket connection to 'ws://localhost:3000/_next/webpack-hmr?id=euPPS-5C35HE6J7-ESBVY' failed: Error in connection establishment: net::ERR_CONNECTION_REFUSED @ http://localhost:3000/_next/static/chunks/node_modules_next_dist_client_0r5nbpw._.js:13422
[   18532ms] [ERROR] WebSocket connection to 'ws://localhost:3000/_next/webpack-hmr?id=euPPS-5C35HE6J7-ESBVY' failed: Error in connection establishment: net::ERR_CONNECTION_REFUSED @ http://localhost:3000/_next/static/chunks/node_modules_next_dist_client_0r5nbpw._.js:13422
[   23537ms] [ERROR] WebSocket connection to 'ws://localhost:3000/_next/webpack-hmr?id=euPPS-5C35HE6J7-ESBVY' failed: Error in connection establishment: net::ERR_CONNECTION_REFUSED @ http://localhost:3000/_next/static/chunks/node_modules_next_dist_client_0r5nbpw._.js:13422
[   28541ms] [ERROR] WebSocket connection to 'ws://localhost:3000/_next/webpack-hmr?id=euPPS-5C35HE6J7-ESBVY' failed: Error in connection establishment: net::ERR_CONNECTION_REFUSED @ http://localhost:3000/_next/static/chunks/node_modules_next_dist_client_0r5nbpw._.js:13422
[   33546ms] [ERROR] WebSocket connection to 'ws://localhost:3000/_next/webpack-hmr?id=euPPS-5C35HE6J7-ESBVY' failed: Error in connection establishment: net::ERR_CONNECTION_REFUSED @ http://localhost:3000/_next/static/chunks/node_modules_next_dist_client_0r5nbpw._.js:13422
[   38548ms] [ERROR] WebSocket connection to 'ws://localhost:3000/_next/webpack-hmr?id=euPPS-5C35HE6J7-ESBVY' failed: Error in connection establishment: net::ERR_CONNECTION_REFUSED @ http://localhost:3000/_next/static/chunks/node_modules_next_dist_client_0r5nbpw._.js:13422
[   43550ms] [ERROR] WebSocket connection to 'ws://localhost:3000/_next/webpack-hmr?id=euPPS-5C35HE6J7-ESBVY' failed: Error in connection establishment: net::ERR_CONNECTION_REFUSED @ http://localhost:3000/_next/static/chunks/node_modules_next_dist_client_0r5nbpw._.js:13422
[   48555ms] [ERROR] WebSocket connection to 'ws://localhost:3000/_next/webpack-hmr?id=euPPS-5C35HE6J7-ESBVY' failed: Error in connection establishment: net::ERR_CONNECTION_REFUSED @ http://localhost:3000/_next/static/chunks/node_modules_next_dist_client_0r5nbpw._.js:13422
[   53557ms] [ERROR] WebSocket connection to 'ws://localhost:3000/_next/webpack-hmr?id=euPPS-5C35HE6J7-ESBVY' failed: Error in connection establishment: net::ERR_CONNECTION_REFUSED @ http://localhost:3000/_next/static/chunks/node_modules_next_dist_client_0r5nbpw._.js:13422
[  151911ms] [INFO] %cDownload the React DevTools for a better development experience: https://react.dev/link/react-devtools font-weight:bold @ http://localhost:3000/_next/static/chunks/node_modules_next_dist_1ybzpk2._.js:2477
[  152059ms] [LOG] [HMR] connected @ http://localhost:3000/_next/static/chunks/node_modules_next_dist_1ybzpk2._.js:2477
[  152090ms] [WARNING] %c%s%c [33m[1m⚠[22m[39m metadataBase property in metadata export is not set for resolving social open graph or twitter images, using "http://localhost:3000". See https://nextjs.org/docs/app/api-reference/functions/generate-metadata#metadatabase background: #e6e6e6;background: light-dark(rgba(0,0,0,0.1), rgba(255,255,255,0.25));color: #000000;color: light-dark(#000000, #ffffff);border-radius: 2px  Server   @ http://localhost:3000/_next/static/chunks/node_modules_next_dist_1ybzpk2._.js:2477
[  675285ms] [ERROR] WebSocket connection to 'ws://localhost:3000/_next/webpack-hmr?id=emnW8uA2RY9BXzu2B83Qw' failed: Error in connection establishment: net::ERR_CONNECTION_REFUSED @ http://localhost:3000/_next/static/chunks/node_modules_next_dist_client_0r5nbpw._.js:13422
[  676293ms] [ERROR] WebSocket connection to 'ws://localhost:3000/_next/webpack-hmr?id=emnW8uA2RY9BXzu2B83Qw' failed: Error in connection establishment: net::ERR_CONNECTION_REFUSED @ http://localhost:3000/_next/static/chunks/node_modules_next_dist_client_0r5nbpw._.js:13422
[  677298ms] [ERROR] WebSocket connection to 'ws://localhost:3000/_next/webpack-hmr?id=emnW8uA2RY9BXzu2B83Qw' failed: Error in connection establishment: net::ERR_CONNECTION_REFUSED @ http://localhost:3000/_next/static/chunks/node_modules_next_dist_client_0r5nbpw._.js:13422
[  678303ms] [ERROR] WebSocket connection to 'ws://localhost:3000/_next/webpack-hmr?id=emnW8uA2RY9BXzu2B83Qw' failed: Error in connection establishment: net::ERR_CONNECTION_REFUSED @ http://localhost:3000/_next/static/chunks/node_modules_next_dist_client_0r5nbpw._.js:13422
[  679307ms] [ERROR] WebSocket connection to 'ws://localhost:3000/_next/webpack-hmr?id=emnW8uA2RY9BXzu2B83Qw' failed: Error in connection establishment: net::ERR_CONNECTION_REFUSED @ http://localhost:3000/_next/static/chunks/node_modules_next_dist_client_0r5nbpw._.js:13422
[  684314ms] [ERROR] WebSocket connection to 'ws://localhost:3000/_next/webpack-hmr?id=emnW8uA2RY9BXzu2B83Qw' failed: Error in connection establishment: net::ERR_CONNECTION_REFUSED @ http://localhost:3000/_next/static/chunks/node_modules_next_dist_client_0r5nbpw._.js:13422
[  689325ms] [ERROR] WebSocket connection to 'ws://localhost:3000/_next/webpack-hmr?id=emnW8uA2RY9BXzu2B83Qw' failed: Error in connection establishment: net::ERR_CONNECTION_REFUSED @ http://localhost:3000/_next/static/chunks/node_modules_next_dist_client_0r5nbpw._.js:13422
[  694345ms] [ERROR] WebSocket connection to 'ws://localhost:3000/_next/webpack-hmr?id=emnW8uA2RY9BXzu2B83Qw' failed: Error in connection establishment: net::ERR_CONNECTION_REFUSED @ http://localhost:3000/_next/static/chunks/node_modules_next_dist_client_0r5nbpw._.js:13422
[  699388ms] [ERROR] WebSocket connection to 'ws://localhost:3000/_next/webpack-hmr?id=emnW8uA2RY9BXzu2B83Qw' failed: Error in connection establishment: net::ERR_CONNECTION_REFUSED @ http://localhost:3000/_next/static/chunks/node_modules_next_dist_client_0r5nbpw._.js:13422
[  704448ms] [ERROR] WebSocket connection to 'ws://localhost:3000/_next/webpack-hmr?id=emnW8uA2RY9BXzu2B83Qw' failed: Error in connection establishment: net::ERR_CONNECTION_REFUSED @ http://localhost:3000/_next/static/chunks/node_modules_next_dist_client_0r5nbpw._.js:13422
[  709597ms] [ERROR] WebSocket connection to 'ws://localhost:3000/_next/webpack-hmr?id=emnW8uA2RY9BXzu2B83Qw' failed: Error in connection establishment: net::ERR_CONNECTION_REFUSED @ http://localhost:3000/_next/static/chunks/node_modules_next_dist_client_0r5nbpw._.js:13422
[  714721ms] [ERROR] WebSocket connection to 'ws://localhost:3000/_next/webpack-hmr?id=emnW8uA2RY9BXzu2B83Qw' failed: Error in connection establishment: net::ERR_CONNECTION_REFUSED @ http://localhost:3000/_next/static/chunks/node_modules_next_dist_client_0r5nbpw._.js:13422
[ 1112449ms] [INFO] %cDownload the React DevTools for a better development experience: https://react.dev/link/react-devtools font-weight:bold @ http://localhost:3000/_next/static/chunks/node_modules_next_dist_1ybzpk2._.js:2477
[ 1112658ms] [LOG] [HMR] connected @ http://localhost:3000/_next/static/chunks/node_modules_next_dist_1ybzpk2._.js:2477
[ 1316513ms] [LOG] [HMR] connected @ http://localhost:3000/_next/static/chunks/node_modules_next_dist_1ybzpk2._.js:2477
[ 1319479ms] [INFO] %cDownload the React DevTools for a better development experience: https://react.dev/link/react-devtools font-weight:bold @ http://localhost:3000/_next/static/chunks/node_modules_next_dist_1ybzpk2._.js:2477
[ 1319614ms] [LOG] [HMR] connected @ http://localhost:3000/_next/static/chunks/node_modules_next_dist_1ybzpk2._.js:2477
[ 1319657ms] [WARNING] %c%s%c [33m[1m⚠[22m[39m metadataBase property in metadata export is not set for resolving social open graph or twitter images, using "http://localhost:3000". See https://nextjs.org/docs/app/api-reference/functions/generate-metadata#metadatabase background: #e6e6e6;background: light-dark(rgba(0,0,0,0.1), rgba(255,255,255,0.25));color: #000000;color: light-dark(#000000, #ffffff);border-radius: 2px  Server   @ http://localhost:3000/_next/static/chunks/node_modules_next_dist_1ybzpk2._.js:2477
[ 1345934ms] [ERROR] WebSocket connection to 'ws://localhost:3000/_next/webpack-hmr?id=JZaQtX10LHf1i0BYej9uT' failed: Error in connection establishment: net::ERR_CONNECTION_REFUSED @ http://localhost:3000/_next/static/chunks/node_modules_next_dist_client_0r5nbpw._.js:13422
[ 1346938ms] [ERROR] WebSocket connection to 'ws://localhost:3000/_next/webpack-hmr?id=JZaQtX10LHf1i0BYej9uT' failed: Error in connection establishment: net::ERR_CONNECTION_REFUSED @ http://localhost:3000/_next/static/chunks/node_modules_next_dist_client_0r5nbpw._.js:13422
[ 1347942ms] [ERROR] WebSocket connection to 'ws://localhost:3000/_next/webpack-hmr?id=JZaQtX10LHf1i0BYej9uT' failed: Error in connection establishment: net::ERR_CONNECTION_REFUSED @ http://localhost:3000/_next/static/chunks/node_modules_next_dist_client_0r5nbpw._.js:13422
[ 1348945ms] [ERROR] WebSocket connection to 'ws://localhost:3000/_next/webpack-hmr?id=JZaQtX10LHf1i0BYej9uT' failed: Error in connection establishment: net::ERR_CONNECTION_REFUSED @ http://localhost:3000/_next/static/chunks/node_modules_next_dist_client_0r5nbpw._.js:13422
[ 1349950ms] [ERROR] WebSocket connection to 'ws://localhost:3000/_next/webpack-hmr?id=JZaQtX10LHf1i0BYej9uT' failed: Error in connection establishment: net::ERR_CONNECTION_REFUSED @ http://localhost:3000/_next/static/chunks/node_modules_next_dist_client_0r5nbpw._.js:13422
[ 1354953ms] [ERROR] WebSocket connection to 'ws://localhost:3000/_next/webpack-hmr?id=JZaQtX10LHf1i0BYej9uT' failed: Error in connection establishment: net::ERR_CONNECTION_REFUSED @ http://localhost:3000/_next/static/chunks/node_modules_next_dist_client_0r5nbpw._.js:13422
[ 1359966ms] [LOG] [HMR] connected @ http://localhost:3000/_next/static/chunks/node_modules_next_dist_1ybzpk2._.js:2477
[ 1362157ms] [INFO] %cDownload the React DevTools for a better development experience: https://react.dev/link/react-devtools font-weight:bold @ http://localhost:3000/_next/static/chunks/node_modules_next_dist_1ybzpk2._.js:2477
[ 1362237ms] [LOG] [HMR] connected @ http://localhost:3000/_next/static/chunks/node_modules_next_dist_1ybzpk2._.js:2477
[ 1362258ms] [WARNING] %c%s%c [33m[1m⚠[22m[39m metadataBase property in metadata export is not set for resolving social open graph or twitter images, using "http://localhost:3000". See https://nextjs.org/docs/app/api-reference/functions/generate-metadata#metadatabase background: #e6e6e6;background: light-dark(rgba(0,0,0,0.1), rgba(255,255,255,0.25));color: #000000;color: light-dark(#000000, #ffffff);border-radius: 2px  Server   @ http://localhost:3000/_next/static/chunks/node_modules_next_dist_1ybzpk2._.js:2477
[ 1393679ms] [ERROR] WebSocket connection to 'ws://localhost:3000/_next/webpack-hmr?id=wcczz8baAQEndqQnMrpMs' failed: Error in connection establishment: net::ERR_CONNECTION_REFUSED @ http://localhost:3000/_next/static/chunks/node_modules_next_dist_client_0r5nbpw._.js:13422
[ 1394682ms] [ERROR] WebSocket connection to 'ws://localhost:3000/_next/webpack-hmr?id=wcczz8baAQEndqQnMrpMs' failed: Error in connection establishment: net::ERR_CONNECTION_REFUSED @ http://localhost:3000/_next/static/chunks/node_modules_next_dist_client_0r5nbpw._.js:13422
[ 1395684ms] [ERROR] WebSocket connection to 'ws://localhost:3000/_next/webpack-hmr?id=wcczz8baAQEndqQnMrpMs' failed: Error in connection establishment: net::ERR_CONNECTION_REFUSED @ http://localhost:3000/_next/static/chunks/node_modules_next_dist_client_0r5nbpw._.js:13422
[ 1396686ms] [ERROR] WebSocket connection to 'ws://localhost:3000/_next/webpack-hmr?id=wcczz8baAQEndqQnMrpMs' failed: Error in connection establishment: net::ERR_CONNECTION_REFUSED @ http://localhost:3000/_next/static/chunks/node_modules_next_dist_client_0r5nbpw._.js:13422
[ 1397688ms] [ERROR] WebSocket connection to 'ws://localhost:3000/_next/webpack-hmr?id=wcczz8baAQEndqQnMrpMs' failed: Error in connection establishment: net::ERR_CONNECTION_REFUSED @ http://localhost:3000/_next/static/chunks/node_modules_next_dist_client_0r5nbpw._.js:13422
[ 1402692ms] [ERROR] WebSocket connection to 'ws://localhost:3000/_next/webpack-hmr?id=wcczz8baAQEndqQnMrpMs' failed: Error in connection establishment: net::ERR_CONNECTION_REFUSED @ http://localhost:3000/_next/static/chunks/node_modules_next_dist_client_0r5nbpw._.js:13422
[ 1407695ms] [ERROR] WebSocket connection to 'ws://localhost:3000/_next/webpack-hmr?id=wcczz8baAQEndqQnMrpMs' failed: Error in connection establishment: net::ERR_CONNECTION_REFUSED @ http://localhost:3000/_next/static/chunks/node_modules_next_dist_client_0r5nbpw._.js:13422
[ 1412704ms] [ERROR] WebSocket connection to 'ws://localhost:3000/_next/webpack-hmr?id=wcczz8baAQEndqQnMrpMs' failed: Error in connection establishment: net::ERR_CONNECTION_REFUSED @ http://localhost:3000/_next/static/chunks/node_modules_next_dist_client_0r5nbpw._.js:13422
[ 1417709ms] [ERROR] WebSocket connection to 'ws://localhost:3000/_next/webpack-hmr?id=wcczz8baAQEndqQnMrpMs' failed: Error in connection establishment: net::ERR_CONNECTION_REFUSED @ http://localhost:3000/_next/static/chunks/node_modules_next_dist_client_0r5nbpw._.js:13422
[ 1422711ms] [ERROR] WebSocket connection to 'ws://localhost:3000/_next/webpack-hmr?id=wcczz8baAQEndqQnMrpMs' failed: Error in connection establishment: net::ERR_CONNECTION_REFUSED @ http://localhost:3000/_next/static/chunks/node_modules_next_dist_client_0r5nbpw._.js:13422
[ 1427713ms] [ERROR] WebSocket connection to 'ws://localhost:3000/_next/webpack-hmr?id=wcczz8baAQEndqQnMrpMs' failed: Error in connection establishment: net::ERR_CONNECTION_REFUSED @ http://localhost:3000/_next/static/chunks/node_modules_next_dist_client_0r5nbpw._.js:13422
[ 1432716ms] [ERROR] WebSocket connection to 'ws://localhost:3000/_next/webpack-hmr?id=wcczz8baAQEndqQnMrpMs' failed: Error in connection establishment: net::ERR_CONNECTION_REFUSED @ http://localhost:3000/_next/static/chunks/node_modules_next_dist_client_0r5nbpw._.js:13422
