[     318ms] [INFO] %cDownload the React DevTools for a better development experience: https://react.dev/link/react-devtools font-weight:bold @ http://localhost:3000/_next/static/chunks/node_modules_next_dist_1ybzpk2._.js:2477
[     359ms] [LOG] [HMR] connected @ http://localhost:3000/_next/static/chunks/node_modules_next_dist_1ybzpk2._.js:2477
[     588ms] [ERROR] Each child in a list should have a unique "key" prop.%s%s See https://react.dev/link/warning-keys for more information. 

Check the render method of `AdminChaptersPage`.  @ http://localhost:3000/_next/static/chunks/node_modules_next_dist_1ybzpk2._.js:3318
[   52983ms] [LOG] [Fast Refresh] rebuilding @ http://localhost:3000/_next/static/chunks/node_modules_next_dist_1ybzpk2._.js:2477
[   53284ms] [ERROR] ./src/app/en/(main)/admin/novels/[id]/chapters/page.tsx:505:11
Expected '</', got '{'
  503 |         </div>
  504 |
> 505 |           {totalPages > 1 && (
      |           ^
  506 |             <div className="flex items-center justify-center gap-2 mt-8">
  507 |               <button
  508 |                 onClick={() => fetchChapters(Math.max(1, page - 1))}

Parsing ecmascript source code failed

Import traces:
  Client Component Browser:
    ./src/app/en/(main)/admin/novels/[id]/chapters/page.tsx [Client Component Browser]
    ./src/app/en/(main)/admin/novels/[id]/chapters/page.tsx [Server Component]

  Client Component SSR:
    ./src/app/en/(main)/admin/novels/[id]/chapters/page.tsx [Client Component SSR]
    ./src/app/en/(main)/admin/novels/[id]/chapters/page.tsx [Server Component] @ http://localhost:3000/_next/static/chunks/node_modules_next_dist_1ybzpk2._.js:3318
[   53496ms] [ERROR] ./src/app/en/(main)/admin/novels/[id]/chapters/page.tsx:505:11
Expected '</', got '{'
  503 |         </div>
  504 |
> 505 |           {totalPages > 1 && (
      |           ^
  506 |             <div className="flex items-center justify-center gap-2 mt-8">
  507 |               <button
  508 |                 onClick={() => fetchChapters(Math.max(1, page - 1))}

Parsing ecmascript source code failed

Import traces:
  Client Component Browser:
    ./src/app/en/(main)/admin/novels/[id]/chapters/page.tsx [Client Component Browser]
    ./src/app/en/(main)/admin/novels/[id]/chapters/page.tsx [Server Component]

  Client Component SSR:
    ./src/app/en/(main)/admin/novels/[id]/chapters/page.tsx [Client Component SSR]
    ./src/app/en/(main)/admin/novels/[id]/chapters/page.tsx [Server Component] @ http://localhost:3000/_next/static/chunks/node_modules_next_dist_1ybzpk2._.js:3318
[   53550ms] [LOG] [Fast Refresh] rebuilding @ http://localhost:3000/_next/static/chunks/node_modules_next_dist_1ybzpk2._.js:2477
[   61440ms] [ERROR] ./src/app/en/(main)/admin/novels/[id]/chapters/page.tsx:505:11
Expected '</', got '{'
  503 |         </div>
  504 |
> 505 |           {totalPages > 1 && (
      |           ^
  506 |             <div className="flex items-center justify-center gap-2 mt-8">
  507 |               <button
  508 |                 onClick={() => fetchChapters(Math.max(1, page - 1))}

Parsing ecmascript source code failed

Import traces:
  Client Component Browser:
    ./src/app/en/(main)/admin/novels/[id]/chapters/page.tsx [Client Component Browser]
    ./src/app/en/(main)/admin/novels/[id]/chapters/page.tsx [Server Component]

  Client Component SSR:
    ./src/app/en/(main)/admin/novels/[id]/chapters/page.tsx [Client Component SSR]
    ./src/app/en/(main)/admin/novels/[id]/chapters/page.tsx [Server Component] @ http://localhost:3000/_next/static/chunks/node_modules_next_dist_1ybzpk2._.js:3318
[   61455ms] [LOG] [Fast Refresh] rebuilding @ http://localhost:3000/_next/static/chunks/node_modules_next_dist_1ybzpk2._.js:2477
[   71015ms] [ERROR] ./src/app/en/(main)/admin/novels/[id]/chapters/page.tsx:505:11
Expected '</', got '{'
  503 |         </div>
  504 |
> 505 |           {totalPages > 1 && (
      |           ^
  506 |             <div className="flex items-center justify-center gap-2 mt-8">
  507 |               <button
  508 |                 onClick={() => fetchChapters(Math.max(1, page - 1))}

Parsing ecmascript source code failed

Import traces:
  Client Component Browser:
    ./src/app/en/(main)/admin/novels/[id]/chapters/page.tsx [Client Component Browser]
    ./src/app/en/(main)/admin/novels/[id]/chapters/page.tsx [Server Component]

  Client Component SSR:
    ./src/app/en/(main)/admin/novels/[id]/chapters/page.tsx [Client Component SSR]
    ./src/app/en/(main)/admin/novels/[id]/chapters/page.tsx [Server Component] @ http://localhost:3000/_next/static/chunks/node_modules_next_dist_1ybzpk2._.js:3318
[   71029ms] [LOG] [Fast Refresh] rebuilding @ http://localhost:3000/_next/static/chunks/node_modules_next_dist_1ybzpk2._.js:2477
[   71545ms] [ERROR] ./src/app/en/(main)/admin/novels/[id]/chapters/page.tsx:502:11
Expected '</', got ')'
  500 |               )}
  501 |             </React.Fragment>
> 502 |           ))}
      |           ^
  503 |         </div>
  504 |
  505 |           {totalPages > 1 && (

Parsing ecmascript source code failed

Import traces:
  Client Component Browser:
    ./src/app/en/(main)/admin/novels/[id]/chapters/page.tsx [Client Component Browser]
    ./src/app/en/(main)/admin/novels/[id]/chapters/page.tsx [Server Component]

  Client Component SSR:
    ./src/app/en/(main)/admin/novels/[id]/chapters/page.tsx [Client Component SSR]
    ./src/app/en/(main)/admin/novels/[id]/chapters/page.tsx [Server Component] @ http://localhost:3000/_next/static/chunks/node_modules_next_dist_1ybzpk2._.js:3318
[   71564ms] [LOG] [Fast Refresh] rebuilding @ http://localhost:3000/_next/static/chunks/node_modules_next_dist_1ybzpk2._.js:2477
[   72085ms] [ERROR] ./src/app/en/(main)/admin/novels/[id]/chapters/page.tsx:505:11
Expected '</', got '{'
  503 |         </div>
  504 |
> 505 |           {totalPages > 1 && (
      |           ^
  506 |             <div className="flex items-center justify-center gap-2 mt-8">
  507 |               <button
  508 |                 onClick={() => fetchChapters(Math.max(1, page - 1))}

Parsing ecmascript source code failed

Import traces:
  Client Component Browser:
    ./src/app/en/(main)/admin/novels/[id]/chapters/page.tsx [Client Component Browser]
    ./src/app/en/(main)/admin/novels/[id]/chapters/page.tsx [Server Component]

  Client Component SSR:
    ./src/app/en/(main)/admin/novels/[id]/chapters/page.tsx [Client Component SSR]
    ./src/app/en/(main)/admin/novels/[id]/chapters/page.tsx [Server Component] @ http://localhost:3000/_next/static/chunks/node_modules_next_dist_1ybzpk2._.js:3318
[   72102ms] [LOG] [Fast Refresh] rebuilding @ http://localhost:3000/_next/static/chunks/node_modules_next_dist_1ybzpk2._.js:2477
[   95765ms] [LOG] [Fast Refresh] rebuilding @ http://localhost:3000/_next/static/chunks/node_modules_next_dist_1ybzpk2._.js:2477
[   96321ms] [ERROR] Each child in a list should have a unique "key" prop.%s%s See https://react.dev/link/warning-keys for more information. 

Check the render method of `div`.  It was passed a child from AdminChaptersPage. @ http://localhost:3000/_next/static/chunks/node_modules_next_dist_1ybzpk2._.js:3318
[   96495ms] [LOG] [Fast Refresh] done in 502ms @ http://localhost:3000/_next/static/chunks/node_modules_next_dist_1ybzpk2._.js:2477
[   96595ms] [LOG] [Fast Refresh] rebuilding @ http://localhost:3000/_next/static/chunks/node_modules_next_dist_1ybzpk2._.js:2477
[   96654ms] [LOG] [Fast Refresh] done in 159ms @ http://localhost:3000/_next/static/chunks/node_modules_next_dist_1ybzpk2._.js:2477
